<?xml version="1.0" encoding="UTF-8"?>
<!-- Generated by org.testng.reporters.JUnitXMLReporter -->
<testsuite hostname="DESKTOP-KGOKN6T" ignored="0" name="Demo Test" tests="2" failures="2" timestamp="2019-11-03T12:13:28 EET" time="98.06" errors="0">
  <testcase name="fullScenario" time="98.02" classname="com.hungerstation.test.Demo">
    <failure type="java.lang.IndexOutOfBoundsException" message="Index: 1, Size: 1">
      <![CDATA[java.lang.IndexOutOfBoundsException: Index: 1, Size: 1
at java.util.ArrayList.rangeCheck(ArrayList.java:657)
at java.util.ArrayList.get(ArrayList.java:433)
at io.appium.java_client.pagefactory.ElementListInterceptor.getObject(ElementListInterceptor.java:40)
at io.appium.java_client.pagefactory.interceptors.InterceptorOfAListOfElements.intercept(InterceptorOfAListOfElements.java:49)
at $java.util.ArrayList$$EnhancerByCGLIB$$b5855c01.get(<generated>)
at com.hungerstation.test.Demo.fullScenario(Demo.java:77)
at java.util.ArrayList.forEach(ArrayList.java:1257)
... Removed 35 stack frames]]>
    </failure>
  </testcase> <!-- fullScenario -->
  <testcase name="fullScenario" time="98.044" classname="com.hungerstation.test.Demo">
    <failure type="java.lang.NullPointerException">
      <![CDATA[java.lang.NullPointerException
at com.hungerstation.util.RunCapabilities.getScreenshot(RunCapabilities.java:96)
at com.hungerstation.util.Listeners.onTestFailure(Listeners.java:24)
at java.util.ArrayList.forEach(ArrayList.java:1257)
... Removed 28 stack frames]]>
    </failure>
  </testcase> <!-- fullScenario -->
</testsuite> <!-- Demo Test -->
